<?xml version="1.0" encoding="UTF-8"?>
<testsuite name="com.dap.book.springboot.web.IndexControllerTest" tests="1" skipped="0" failures="0" errors="0" timestamp="2020-01-20T08:45:01" hostname="DESKTOP-RQQII6C" time="0.854">
  <properties/>
  <testcase name="메인페이지_로딩" classname="com.dap.book.springboot.web.IndexControllerTest" time="0.854"/>
  <system-out><![CDATA[17:44:50.954 [Test worker] DEBUG org.springframework.test.context.junit4.SpringJUnit4ClassRunner - SpringJUnit4ClassRunner constructor called with [class com.dap.book.springboot.web.IndexControllerTest]
17:44:50.963 [Test worker] DEBUG org.springframework.test.context.BootstrapUtils - Instantiating CacheAwareContextLoaderDelegate from class [org.springframework.test.context.cache.DefaultCacheAwareContextLoaderDelegate]
17:44:50.974 [Test worker] DEBUG org.springframework.test.context.BootstrapUtils - Instantiating BootstrapContext using constructor [public org.springframework.test.context.support.DefaultBootstrapContext(java.lang.Class,org.springframework.test.context.CacheAwareContextLoaderDelegate)]
17:44:50.994 [Test worker] DEBUG org.springframework.test.context.BootstrapUtils - Instantiating TestContextBootstrapper for test class [com.dap.book.springboot.web.IndexControllerTest] from class [org.springframework.boot.test.context.SpringBootTestContextBootstrapper]
17:44:51.007 [Test worker] INFO org.springframework.boot.test.context.SpringBootTestContextBootstrapper - Neither @ContextConfiguration nor @ContextHierarchy found for test class [com.dap.book.springboot.web.IndexControllerTest], using SpringBootContextLoader
17:44:51.012 [Test worker] DEBUG org.springframework.test.context.support.AbstractContextLoader - Did not detect default resource location for test class [com.dap.book.springboot.web.IndexControllerTest]: class path resource [com/dap/book/springboot/web/IndexControllerTest-context.xml] does not exist
17:44:51.013 [Test worker] DEBUG org.springframework.test.context.support.AbstractContextLoader - Did not detect default resource location for test class [com.dap.book.springboot.web.IndexControllerTest]: class path resource [com/dap/book/springboot/web/IndexControllerTestContext.groovy] does not exist
17:44:51.014 [Test worker] INFO org.springframework.test.context.support.AbstractContextLoader - Could not detect default resource locations for test class [com.dap.book.springboot.web.IndexControllerTest]: no resource found for suffixes {-context.xml, Context.groovy}.
17:44:51.015 [Test worker] INFO org.springframework.test.context.support.AnnotationConfigContextLoaderUtils - Could not detect default configuration classes for test class [com.dap.book.springboot.web.IndexControllerTest]: IndexControllerTest does not declare any static, non-private, non-final, nested classes annotated with @Configuration.
17:44:51.105 [Test worker] DEBUG org.springframework.test.context.support.ActiveProfilesUtils - Could not find an 'annotation declaring class' for annotation type [org.springframework.test.context.ActiveProfiles] and class [com.dap.book.springboot.web.IndexControllerTest]
17:44:51.272 [Test worker] DEBUG org.springframework.context.annotation.ClassPathScanningCandidateComponentProvider - Identified candidate component class: file [C:\Users\it\Desktop\davis-springboot2-webservice-master\build\classes\java\main\com\dap\book\springboot\Application.class]
17:44:51.274 [Test worker] INFO org.springframework.boot.test.context.SpringBootTestContextBootstrapper - Found @SpringBootConfiguration com.dap.book.springboot.Application for test class com.dap.book.springboot.web.IndexControllerTest
17:44:51.414 [Test worker] DEBUG org.springframework.boot.test.context.SpringBootTestContextBootstrapper - @TestExecutionListeners is not present for class [com.dap.book.springboot.web.IndexControllerTest]: using defaults.
17:44:51.416 [Test worker] INFO org.springframework.boot.test.context.SpringBootTestContextBootstrapper - Loaded default TestExecutionListener class names from location [META-INF/spring.factories]: [org.springframework.boot.test.autoconfigure.restdocs.RestDocsTestExecutionListener, org.springframework.boot.test.autoconfigure.web.client.MockRestServiceServerResetTestExecutionListener, org.springframework.boot.test.autoconfigure.web.servlet.MockMvcPrintOnlyOnFailureTestExecutionListener, org.springframework.boot.test.autoconfigure.web.servlet.WebDriverTestExecutionListener, org.springframework.boot.test.mock.mockito.MockitoTestExecutionListener, org.springframework.boot.test.mock.mockito.ResetMocksTestExecutionListener, org.springframework.test.context.web.ServletTestExecutionListener, org.springframework.test.context.support.DirtiesContextBeforeModesTestExecutionListener, org.springframework.test.context.support.DependencyInjectionTestExecutionListener, org.springframework.test.context.support.DirtiesContextTestExecutionListener, org.springframework.test.context.transaction.TransactionalTestExecutionListener, org.springframework.test.context.jdbc.SqlScriptsTestExecutionListener]
17:44:51.460 [Test worker] INFO org.springframework.boot.test.context.SpringBootTestContextBootstrapper - Using TestExecutionListeners: [org.springframework.test.context.web.ServletTestExecutionListener@61352513, org.springframework.test.context.support.DirtiesContextBeforeModesTestExecutionListener@733c931d, org.springframework.boot.test.mock.mockito.MockitoTestExecutionListener@49d6379d, org.springframework.boot.test.autoconfigure.SpringBootDependencyInjectionTestExecutionListener@7d568a7f, org.springframework.test.context.support.DirtiesContextTestExecutionListener@3503257b, org.springframework.test.context.transaction.TransactionalTestExecutionListener@2230fcbd, org.springframework.test.context.jdbc.SqlScriptsTestExecutionListener@5aa25db9, org.springframework.boot.test.autoconfigure.restdocs.RestDocsTestExecutionListener@136e21e0, org.springframework.boot.test.autoconfigure.web.client.MockRestServiceServerResetTestExecutionListener@3f6ae60b, org.springframework.boot.test.autoconfigure.web.servlet.MockMvcPrintOnlyOnFailureTestExecutionListener@1a9a304f, org.springframework.boot.test.autoconfigure.web.servlet.WebDriverTestExecutionListener@529df930, org.springframework.boot.test.mock.mockito.ResetMocksTestExecutionListener@301ea3a2]
17:44:51.466 [Test worker] DEBUG org.springframework.test.annotation.ProfileValueUtils - Retrieved @ProfileValueSourceConfiguration [null] for test class [com.dap.book.springboot.web.IndexControllerTest]
17:44:51.467 [Test worker] DEBUG org.springframework.test.annotation.ProfileValueUtils - Retrieved ProfileValueSource type [class org.springframework.test.annotation.SystemProfileValueSource] for class [com.dap.book.springboot.web.IndexControllerTest]
17:44:51.471 [Test worker] DEBUG org.springframework.test.annotation.ProfileValueUtils - Retrieved @ProfileValueSourceConfiguration [null] for test class [com.dap.book.springboot.web.IndexControllerTest]
17:44:51.471 [Test worker] DEBUG org.springframework.test.annotation.ProfileValueUtils - Retrieved ProfileValueSource type [class org.springframework.test.annotation.SystemProfileValueSource] for class [com.dap.book.springboot.web.IndexControllerTest]
17:44:51.472 [Test worker] DEBUG org.springframework.test.annotation.ProfileValueUtils - Retrieved @ProfileValueSourceConfiguration [null] for test class [com.dap.book.springboot.web.IndexControllerTest]
17:44:51.472 [Test worker] DEBUG org.springframework.test.annotation.ProfileValueUtils - Retrieved ProfileValueSource type [class org.springframework.test.annotation.SystemProfileValueSource] for class [com.dap.book.springboot.web.IndexControllerTest]
17:44:51.477 [Test worker] DEBUG org.springframework.test.context.support.AbstractDirtiesContextTestExecutionListener - Before test class: context [DefaultTestContext@37d6d43c testClass = IndexControllerTest, testInstance = [null], testMethod = [null], testException = [null], mergedContextConfiguration = [WebMergedContextConfiguration@29ed863f testClass = IndexControllerTest, locations = '{}', classes = '{class com.dap.book.springboot.Application}', contextInitializerClasses = '[]', activeProfiles = '{}', propertySourceLocations = '{}', propertySourceProperties = '{org.springframework.boot.test.context.SpringBootTestContextBootstrapper=true, server.port=0}', contextCustomizers = set[org.springframework.boot.test.autoconfigure.properties.PropertyMappingContextCustomizer@0, org.springframework.boot.test.autoconfigure.web.servlet.WebDriverContextCustomizerFactory$Customizer@683ab561, org.springframework.boot.test.context.filter.ExcludeFilterContextCustomizer@13baed1b, org.springframework.boot.test.json.DuplicateJsonObjectContextCustomizerFactory$DuplicateJsonObjectContextCustomizer@6a07dced, org.springframework.boot.test.mock.mockito.MockitoContextCustomizer@0, org.springframework.boot.test.web.client.TestRestTemplateContextCustomizer@12b6bfe9], resourceBasePath = 'src/main/webapp', contextLoader = 'org.springframework.boot.test.context.SpringBootContextLoader', parent = [null]], attributes = map['org.springframework.test.context.web.ServletTestExecutionListener.activateListener' -> false]], class annotated with @DirtiesContext [false] with mode [null].
17:44:51.478 [Test worker] DEBUG org.springframework.test.annotation.ProfileValueUtils - Retrieved @ProfileValueSourceConfiguration [null] for test class [com.dap.book.springboot.web.IndexControllerTest]
17:44:51.478 [Test worker] DEBUG org.springframework.test.annotation.ProfileValueUtils - Retrieved ProfileValueSource type [class org.springframework.test.annotation.SystemProfileValueSource] for class [com.dap.book.springboot.web.IndexControllerTest]
17:44:51.483 [Test worker] DEBUG org.springframework.test.context.support.DependencyInjectionTestExecutionListener - Performing dependency injection for test context [[DefaultTestContext@37d6d43c testClass = IndexControllerTest, testInstance = com.dap.book.springboot.web.IndexControllerTest@7f22f3ba, testMethod = [null], testException = [null], mergedContextConfiguration = [WebMergedContextConfiguration@29ed863f testClass = IndexControllerTest, locations = '{}', classes = '{class com.dap.book.springboot.Application}', contextInitializerClasses = '[]', activeProfiles = '{}', propertySourceLocations = '{}', propertySourceProperties = '{org.springframework.boot.test.context.SpringBootTestContextBootstrapper=true, server.port=0}', contextCustomizers = set[org.springframework.boot.test.autoconfigure.properties.PropertyMappingContextCustomizer@0, org.springframework.boot.test.autoconfigure.web.servlet.WebDriverContextCustomizerFactory$Customizer@683ab561, org.springframework.boot.test.context.filter.ExcludeFilterContextCustomizer@13baed1b, org.springframework.boot.test.json.DuplicateJsonObjectContextCustomizerFactory$DuplicateJsonObjectContextCustomizer@6a07dced, org.springframework.boot.test.mock.mockito.MockitoContextCustomizer@0, org.springframework.boot.test.web.client.TestRestTemplateContextCustomizer@12b6bfe9], resourceBasePath = 'src/main/webapp', contextLoader = 'org.springframework.boot.test.context.SpringBootContextLoader', parent = [null]], attributes = map['org.springframework.test.context.web.ServletTestExecutionListener.activateListener' -> false]]].
17:44:51.506 [Test worker] DEBUG org.springframework.test.context.support.TestPropertySourceUtils - Adding inlined properties to environment: {spring.jmx.enabled=false, org.springframework.boot.test.context.SpringBootTestContextBootstrapper=true, server.port=0}

  .   ____          _            __ _ _
 /\\ / ___'_ __ _ _(_)_ __  __ _ \ \ \ \
( ( )\___ | '_ | '_| | '_ \/ _` | \ \ \ \
 \\/  ___)| |_)| | | | | || (_| |  ) ) ) )
  '  |____| .__|_| |_|_| |_\__, | / / / /
 =========|_|==============|___/=/_/_/_/
 :: Spring Boot ::        (v2.1.7.RELEASE)

2020-01-20 17:44:52.007  INFO 7260 --- [    Test worker] c.d.b.s.web.IndexControllerTest          : Starting IndexControllerTest on DESKTOP-RQQII6C with PID 7260 (started by it in C:\Users\it\Desktop\davis-springboot2-webservice-master)
2020-01-20 17:44:52.010  INFO 7260 --- [    Test worker] c.d.b.s.web.IndexControllerTest          : No active profile set, falling back to default profiles: default
2020-01-20 17:44:53.590  INFO 7260 --- [    Test worker] .s.d.r.c.RepositoryConfigurationDelegate : Bootstrapping Spring Data repositories in DEFAULT mode.
2020-01-20 17:44:53.720  INFO 7260 --- [    Test worker] .s.d.r.c.RepositoryConfigurationDelegate : Finished Spring Data repository scanning in 106ms. Found 1 repository interfaces.
2020-01-20 17:44:54.434  INFO 7260 --- [    Test worker] trationDelegate$BeanPostProcessorChecker : Bean 'org.springframework.transaction.annotation.ProxyTransactionManagementConfiguration' of type [org.springframework.transaction.annotation.ProxyTransactionManagementConfiguration$$EnhancerBySpringCGLIB$$9d7bd9ca] is not eligible for getting processed by all BeanPostProcessors (for example: not eligible for auto-proxying)
2020-01-20 17:44:55.100  INFO 7260 --- [    Test worker] o.s.b.w.embedded.tomcat.TomcatWebServer  : Tomcat initialized with port(s): 0 (http)
2020-01-20 17:44:55.144  INFO 7260 --- [    Test worker] o.apache.catalina.core.StandardService   : Starting service [Tomcat]
2020-01-20 17:44:55.145  INFO 7260 --- [    Test worker] org.apache.catalina.core.StandardEngine  : Starting Servlet engine: [Apache Tomcat/9.0.22]
2020-01-20 17:44:55.411  INFO 7260 --- [    Test worker] o.a.c.c.C.[Tomcat].[localhost].[/]       : Initializing Spring embedded WebApplicationContext
2020-01-20 17:44:55.411  INFO 7260 --- [    Test worker] o.s.web.context.ContextLoader            : Root WebApplicationContext: initialization completed in 3375 ms
2020-01-20 17:44:55.967  INFO 7260 --- [    Test worker] com.zaxxer.hikari.HikariDataSource       : HikariPool-1 - Starting...
2020-01-20 17:44:56.306  INFO 7260 --- [    Test worker] com.zaxxer.hikari.HikariDataSource       : HikariPool-1 - Start completed.
2020-01-20 17:44:56.586  INFO 7260 --- [    Test worker] o.hibernate.jpa.internal.util.LogHelper  : HHH000204: Processing PersistenceUnitInfo [
	name: default
	...]
2020-01-20 17:44:56.888  INFO 7260 --- [    Test worker] org.hibernate.Version                    : HHH000412: Hibernate Core {5.3.10.Final}
2020-01-20 17:44:56.893  INFO 7260 --- [    Test worker] org.hibernate.cfg.Environment            : HHH000206: hibernate.properties not found
2020-01-20 17:44:57.300  INFO 7260 --- [    Test worker] o.hibernate.annotations.common.Version   : HCANN000001: Hibernate Commons Annotations {5.0.4.Final}
2020-01-20 17:44:57.702  INFO 7260 --- [    Test worker] org.hibernate.dialect.Dialect            : HHH000400: Using dialect: org.hibernate.dialect.MySQL5InnoDBDialect
Hibernate: drop table if exists posts
Hibernate: create table posts (id bigint not null auto_increment, create_date datetime, modified_date datetime, author varchar(255), content TEXT not null, title varchar(500) not null, primary key (id)) engine=InnoDB
2020-01-20 17:44:58.876  INFO 7260 --- [    Test worker] o.h.t.schema.internal.SchemaCreatorImpl  : HHH000476: Executing import script 'org.hibernate.tool.schema.internal.exec.ScriptSourceInputNonExistentImpl@7282cee'
2020-01-20 17:44:58.892  INFO 7260 --- [    Test worker] j.LocalContainerEntityManagerFactoryBean : Initialized JPA EntityManagerFactory for persistence unit 'default'
2020-01-20 17:45:00.194  INFO 7260 --- [    Test worker] o.s.s.concurrent.ThreadPoolTaskExecutor  : Initializing ExecutorService 'applicationTaskExecutor'
2020-01-20 17:45:00.373  WARN 7260 --- [    Test worker] aWebConfiguration$JpaWebMvcConfiguration : spring.jpa.open-in-view is enabled by default. Therefore, database queries may be performed during view rendering. Explicitly configure spring.jpa.open-in-view to disable this warning
2020-01-20 17:45:00.462  INFO 7260 --- [    Test worker] o.s.b.a.w.s.WelcomePageHandlerMapping    : Adding welcome page template: index
2020-01-20 17:45:01.042  INFO 7260 --- [    Test worker] o.s.b.w.embedded.tomcat.TomcatWebServer  : Tomcat started on port(s): 54460 (http) with context path ''
2020-01-20 17:45:01.058  INFO 7260 --- [    Test worker] c.d.b.s.web.IndexControllerTest          : Started IndexControllerTest in 9.547 seconds (JVM running for 10.98)
2020-01-20 17:45:01.725  INFO 7260 --- [o-auto-1-exec-1] o.a.c.c.C.[Tomcat].[localhost].[/]       : Initializing Spring DispatcherServlet 'dispatcherServlet'
2020-01-20 17:45:01.726  INFO 7260 --- [o-auto-1-exec-1] o.s.web.servlet.DispatcherServlet        : Initializing Servlet 'dispatcherServlet'
2020-01-20 17:45:01.764  INFO 7260 --- [o-auto-1-exec-1] o.s.web.servlet.DispatcherServlet        : Completed initialization in 38 ms
]]></system-out>
  <system-err><![CDATA[]]></system-err>
</testsuite>
